<?xml version="1.0" encoding="UTF-8"?>
<!-- Generated by org.testng.reporters.JUnitReportReporter -->
<testsuite hostname="LAPTOP-SELGG101" failures="0" tests="1" name="com.demoblaze.tests.EcommerseTest" time="33.239" errors="0" timestamp="2024-12-29T19:11:56 IST" skipped="0">
  <testcase classname="com.demoblaze.tests.EcommerseTest" name="testEcommerseFlow" time="33.239"/>
  <system-out/>
</testsuite> <!-- com.demoblaze.tests.EcommerseTest -->
